\BOOKMARK [1][-]{section*.1}{\376\377\000E\000d\000u\000c\000a\000t\000i\000o\000n}{}% 1
\BOOKMARK [1][-]{section*.2}{\376\377\000A\000f\000f\000i\000l\000i\000a\000t\000i\000o\000n\000s}{}% 2
\BOOKMARK [1][-]{section*.3}{\376\377\000R\000e\000s\000e\000a\000r\000c\000h\000\040\000i\000n\000t\000e\000r\000e\000s\000t\000s}{}% 3
\BOOKMARK [1][-]{section*.4}{\376\377\000P\000u\000b\000l\000i\000c\000a\000t\000i\000o\000n\000s}{}% 4
\BOOKMARK [2][-]{subsection*.5}{\376\377\000P\000e\000e\000r\000-\000r\000e\000v\000i\000e\000w\000e\000d\000\040\000a\000r\000t\000i\000c\000l\000e\000s}{section*.4}% 5
\BOOKMARK [2][-]{subsection*.6}{\376\377\000B\000o\000o\000k\000\040\000C\000h\000a\000p\000t\000e\000r\000s}{section*.4}% 6
\BOOKMARK [2][-]{subsection*.7}{\376\377\000W\000o\000r\000k\000\040\000i\000n\000\040\000p\000r\000o\000g\000r\000e\000s\000s}{section*.4}% 7
\BOOKMARK [2][-]{subsection*.8}{\376\377\000O\000t\000h\000e\000r\000\040\000P\000u\000b\000l\000i\000c\000a\000t\000i\000o\000n\000s}{section*.4}% 8
\BOOKMARK [1][-]{section*.9}{\376\377\000A\000w\000a\000r\000d\000s\000\040\000\046\000\040\000F\000u\000n\000d\000s}{}% 9
\BOOKMARK [1][-]{section*.10}{\376\377\000I\000n\000v\000i\000t\000e\000d\000\040\000T\000a\000l\000k\000s}{}% 10
\BOOKMARK [1][-]{section*.11}{\376\377\000C\000o\000n\000f\000e\000r\000e\000n\000c\000e\000\040\000P\000r\000e\000s\000e\000n\000t\000a\000t\000i\000o\000n\000s}{}% 11
\BOOKMARK [1][-]{section*.12}{\376\377\000P\000r\000o\000f\000e\000s\000s\000i\000o\000n\000a\000l\000\040\000A\000c\000t\000i\000v\000i\000t\000i\000e\000s}{}% 12
\BOOKMARK [2][-]{subsection*.13}{\376\377\000A\000c\000a\000d\000e\000m\000i\000c\000\040\000S\000e\000r\000v\000i\000c\000e}{section*.12}% 13
\BOOKMARK [2][-]{subsection*.14}{\376\377\000O\000c\000c\000a\000s\000i\000o\000n\000a\000l\000\040\000R\000e\000v\000i\000e\000w\000e\000r}{section*.12}% 14
\BOOKMARK [2][-]{subsection*.15}{\376\377\000M\000e\000m\000b\000e\000r\000s\000h\000i\000p\000s}{section*.12}% 15
\BOOKMARK [2][-]{subsection*.16}{\376\377\000R\000e\000s\000e\000a\000r\000c\000h\000\040\000s\000t\000a\000y\000s}{section*.12}% 16
\BOOKMARK [2][-]{subsection*.17}{\376\377\000F\000a\000c\000u\000l\000t\000y\000\040\000S\000e\000r\000v\000i\000c\000e\000s}{section*.12}% 17
\BOOKMARK [1][-]{section*.18}{\376\377\000T\000e\000a\000c\000h\000i\000n\000g\000\040\000E\000x\000p\000e\000r\000i\000e\000n\000c\000e}{}% 18
\BOOKMARK [1][-]{section*.19}{\376\377\000R\000e\000s\000e\000a\000r\000c\000h\000\040\000E\000x\000p\000e\000r\000i\000e\000n\000c\000e}{}% 19
\BOOKMARK [1][-]{section*.20}{\376\377\000S\000k\000i\000l\000l\000s}{}% 20
\BOOKMARK [2][-]{subsection*.21}{\376\377\000L\000a\000n\000g\000u\000a\000g\000e\000s}{section*.20}% 21
\BOOKMARK [2][-]{subsection*.22}{\376\377\000P\000r\000o\000g\000r\000a\000m\000m\000i\000n\000g\000\040\000L\000a\000n\000g\000u\000a\000g\000e\000s\000\040\000\046\000\040\000S\000o\000f\000t\000w\000a\000r\000e\000s}{section*.20}% 22
\BOOKMARK [2][-]{subsection*.23}{\376\377\000A\000d\000d\000i\000t\000i\000o\000n\000a\000l\000\040\000t\000r\000a\000i\000n\000i\000n\000g}{section*.20}% 23
\BOOKMARK [1][-]{section*.24}{\376\377\000R\000e\000f\000e\000r\000e\000n\000c\000e\000s}{}% 24
